PixelMaler/app/build/intermediates/manifest_merge_blame_file/debug/manifest-merger-blame-debug-report.txt
1<?xml version="1.0" encoding="utf-8"?>
2<manifest xmlns:android="http://schemas.android.com/apk/res/android"
3    package="ch.apprun.pixelmaler"
4    android:versionCode="1"
5    android:versionName="1.0" >
6
7    <uses-sdk
8        android:minSdkVersion="17"
8-->src\main\AndroidManifest.xml
9        android:targetSdkVersion="26" />
9-->src\main\AndroidManifest.xml
10
11    <uses-permission android:name="android.permission.WRITE_EXTERNAL_STORAGE" />
11-->src\main\AndroidManifest.xml:7:5-81
11-->src\main\AndroidManifest.xml:7:22-78
12
13    <application
13-->src\main\AndroidManifest.xml:9:5-22:19
14        android:allowBackup="true"
14-->src\main\AndroidManifest.xml:10:9-35
15        android:debuggable="true"
16        android:icon="@mipmap/ic_launcher"
16-->src\main\AndroidManifest.xml:11:9-43
17        android:label="@string/app_name"
17-->src\main\AndroidManifest.xml:12:9-41
18        android:testOnly="true" >
19        <activity
19-->src\main\AndroidManifest.xml:13:9-21:20
20            android:name="ch.apprun.pixelmaler.MainActivity"
20-->src\main\AndroidManifest.xml:14:13-61
21            android:label="@string/app_name" >
21-->src\main\AndroidManifest.xml:15:13-45
22            <intent-filter>
22-->src\main\AndroidManifest.xml:16:13-20:29
23                <action android:name="android.intent.action.MAIN" />
23-->src\main\AndroidManifest.xml:17:17-69
23-->src\main\AndroidManifest.xml:17:25-66
24
25                <category android:name="android.intent.category.LAUNCHER" />
25-->src\main\AndroidManifest.xml:19:17-77
25-->src\main\AndroidManifest.xml:19:27-74
26            </intent-filter>
27        </activity>
28    </application>
29
30</manifest>